[0609/232153.717:ERROR:process_reader_win.cc(123)] NtOpenThread: {Access Denied} A process has requested access to an object, but has not been granted those access rights. (0xc0000022)
[0609/232153.823:ERROR:exception_snapshot_win.cc(98)] thread ID 13424 not found in process
[0610/210702.537:ERROR:process_reader_win.cc(123)] NtOpenThread: {Access Denied} A process has requested access to an object, but has not been granted those access rights. (0xc0000022)
[0610/210702.515:ERROR:process_reader_win.cc(123)] NtOpenThread: {Access Denied} A process has requested access to an object, but has not been granted those access rights. (0xc0000022)
[0610/210702.629:ERROR:exception_snapshot_win.cc(98)] thread ID 6892 not found in process
[0610/210702.629:ERROR:exception_snapshot_win.cc(98)] thread ID 6992 not found in process
[0610/224207.802:ERROR:process_reader_win.cc(151)] SuspendThread: Access is denied. (0x5)
[0610/224207.817:ERROR:process_reader_win.cc(151)] SuspendThread: Access is denied. (0x5)
[0610/224207.829:ERROR:process_reader_win.cc(151)] SuspendThread: Access is denied. (0x5)
[0610/224207.829:ERROR:process_reader_win.cc(151)] SuspendThread: Access is denied. (0x5)
[0610/224207.829:ERROR:process_reader_win.cc(151)] SuspendThread: Access is denied. (0x5)
[0610/224207.829:ERROR:process_reader_win.cc(151)] SuspendThread: Access is denied. (0x5)
[0610/224207.829:ERROR:process_reader_win.cc(151)] SuspendThread: Access is denied. (0x5)
[0610/224207.829:ERROR:process_reader_win.cc(123)] NtOpenThread: {Access Denied} A process has requested access to an object, but has not been granted those access rights. (0xc0000022)
[0610/224207.829:ERROR:process_reader_win.cc(123)] NtOpenThread: {Access Denied} A process has requested access to an object, but has not been granted those access rights. (0xc0000022)
[0610/224207.818:ERROR:process_reader_win.cc(123)] NtOpenThread: {Access Denied} A process has requested access to an object, but has not been granted those access rights. (0xc0000022)
[0610/224207.832:ERROR:exception_snapshot_win.cc(98)] thread ID 11016 not found in process
[0610/224207.832:ERROR:exception_snapshot_win.cc(98)] thread ID 3192 not found in process
[0610/224207.832:ERROR:exception_snapshot_win.cc(98)] thread ID 14816 not found in process
[0610/224300.059:ERROR:process_reader_win.cc(151)] SuspendThread: Access is denied. (0x5)
[0610/224300.060:ERROR:process_reader_win.cc(151)] SuspendThread: Access is denied. (0x5)
[0610/224300.060:ERROR:process_reader_win.cc(151)] SuspendThread: Access is denied. (0x5)
[0610/224300.060:ERROR:process_reader_win.cc(151)] SuspendThread: Access is denied. (0x5)
[0610/224300.060:ERROR:process_reader_win.cc(151)] SuspendThread: Access is denied. (0x5)
[0610/224300.060:ERROR:process_reader_win.cc(151)] SuspendThread: Access is denied. (0x5)
[0610/224300.060:ERROR:process_reader_win.cc(151)] SuspendThread: Access is denied. (0x5)
[0610/224300.061:ERROR:process_reader_win.cc(151)] SuspendThread: Access is denied. (0x5)
[0610/224300.061:ERROR:process_reader_win.cc(151)] SuspendThread: Access is denied. (0x5)
[0610/224300.061:ERROR:process_reader_win.cc(151)] SuspendThread: Access is denied. (0x5)
[0610/224300.061:ERROR:process_reader_win.cc(151)] SuspendThread: Access is denied. (0x5)
[0610/224300.061:ERROR:process_reader_win.cc(151)] SuspendThread: Access is denied. (0x5)
[0610/224300.061:ERROR:process_reader_win.cc(151)] SuspendThread: Access is denied. (0x5)
[0610/224300.061:ERROR:process_reader_win.cc(151)] SuspendThread: Access is denied. (0x5)
[0610/224300.061:ERROR:process_reader_win.cc(151)] SuspendThread: Access is denied. (0x5)
[0610/224300.061:ERROR:process_reader_win.cc(151)] SuspendThread: Access is denied. (0x5)
[0610/224300.061:ERROR:process_reader_win.cc(151)] SuspendThread: Access is denied. (0x5)
[0610/224300.061:ERROR:process_reader_win.cc(151)] SuspendThread: Access is denied. (0x5)
[0610/224300.061:ERROR:process_reader_win.cc(151)] SuspendThread: Access is denied. (0x5)
[0610/224300.061:ERROR:process_reader_win.cc(151)] SuspendThread: Access is denied. (0x5)
[0610/224300.061:ERROR:process_reader_win.cc(151)] SuspendThread: Access is denied. (0x5)
[0610/224300.061:ERROR:process_reader_win.cc(151)] SuspendThread: Access is denied. (0x5)
[0610/224300.061:ERROR:process_reader_win.cc(151)] SuspendThread: Access is denied. (0x5)
[0610/224300.062:ERROR:process_reader_win.cc(151)] SuspendThread: Access is denied. (0x5)
[0610/224300.062:ERROR:process_reader_win.cc(151)] SuspendThread: Access is denied. (0x5)
[0610/224300.062:ERROR:process_reader_win.cc(151)] SuspendThread: Access is denied. (0x5)
[0610/224300.062:ERROR:process_reader_win.cc(151)] SuspendThread: Access is denied. (0x5)
[0610/224300.062:ERROR:process_reader_win.cc(151)] SuspendThread: Access is denied. (0x5)
[0610/224300.062:ERROR:process_reader_win.cc(151)] SuspendThread: Access is denied. (0x5)
[0610/224300.062:ERROR:process_reader_win.cc(151)] SuspendThread: Access is denied. (0x5)
[0610/224300.062:ERROR:process_reader_win.cc(151)] SuspendThread: Access is denied. (0x5)
[0610/224300.062:ERROR:process_reader_win.cc(151)] SuspendThread: Access is denied. (0x5)
[0610/224300.062:ERROR:process_reader_win.cc(151)] SuspendThread: Access is denied. (0x5)
[0610/224300.062:ERROR:process_reader_win.cc(151)] SuspendThread: Access is denied. (0x5)
[0610/224300.062:ERROR:process_reader_win.cc(151)] SuspendThread: Access is denied. (0x5)
[0610/224300.062:ERROR:process_reader_win.cc(151)] SuspendThread: Access is denied. (0x5)
[0610/224300.062:ERROR:process_reader_win.cc(151)] SuspendThread: Access is denied. (0x5)
[0610/224300.062:ERROR:process_reader_win.cc(123)] NtOpenThread: {Access Denied} A process has requested access to an object, but has not been granted those access rights. (0xc0000022)
[0610/224300.063:ERROR:exception_snapshot_win.cc(98)] thread ID 21480 not found in process
[0610/224300.063:ERROR:process_reader_win.cc(151)] SuspendThread: Access is denied. (0x5)
[0610/224300.063:ERROR:process_reader_win.cc(151)] SuspendThread: Access is denied. (0x5)
[0610/224300.063:ERROR:process_reader_win.cc(151)] SuspendThread: Access is denied. (0x5)
[0610/224300.063:ERROR:process_reader_win.cc(151)] SuspendThread: Access is denied. (0x5)
[0610/224300.063:ERROR:process_reader_win.cc(151)] SuspendThread: Access is denied. (0x5)
[0610/224300.063:ERROR:process_reader_win.cc(151)] SuspendThread: Access is denied. (0x5)
[0610/224300.063:ERROR:process_reader_win.cc(151)] SuspendThread: Access is denied. (0x5)
[0610/224300.063:ERROR:process_reader_win.cc(151)] SuspendThread: Access is denied. (0x5)
[0610/224300.063:ERROR:process_reader_win.cc(151)] SuspendThread: Access is denied. (0x5)
[0610/224300.063:ERROR:process_reader_win.cc(151)] SuspendThread: Access is denied. (0x5)
[0610/224300.063:ERROR:process_reader_win.cc(151)] SuspendThread: Access is denied. (0x5)
[0610/224300.063:ERROR:process_reader_win.cc(151)] SuspendThread: Access is denied. (0x5)
[0610/224300.064:ERROR:process_reader_win.cc(151)] SuspendThread: Access is denied. (0x5)
[0610/224300.064:ERROR:process_reader_win.cc(151)] SuspendThread: Access is denied. (0x5)
[0610/224300.064:ERROR:process_reader_win.cc(151)] SuspendThread: Access is denied. (0x5)
[0610/224300.064:ERROR:process_reader_win.cc(151)] SuspendThread: Access is denied. (0x5)
[0610/224300.064:ERROR:process_reader_win.cc(151)] SuspendThread: Access is denied. (0x5)
[0610/224300.064:ERROR:process_reader_win.cc(151)] SuspendThread: Access is denied. (0x5)
[0610/224300.064:ERROR:process_reader_win.cc(151)] SuspendThread: Access is denied. (0x5)
[0610/224300.064:ERROR:process_reader_win.cc(151)] SuspendThread: Access is denied. (0x5)
[0610/224300.064:ERROR:process_reader_win.cc(151)] SuspendThread: Access is denied. (0x5)
[0610/224300.064:ERROR:process_reader_win.cc(151)] SuspendThread: Access is denied. (0x5)
[0610/224300.064:ERROR:process_reader_win.cc(151)] SuspendThread: Access is denied. (0x5)
[0610/224300.065:ERROR:process_reader_win.cc(151)] SuspendThread: Access is denied. (0x5)
[0610/224300.065:ERROR:process_reader_win.cc(151)] SuspendThread: Access is denied. (0x5)
[0610/224300.065:ERROR:process_reader_win.cc(151)] SuspendThread: Access is denied. (0x5)
[0610/224300.065:ERROR:process_reader_win.cc(151)] SuspendThread: Access is denied. (0x5)
[0610/224300.065:ERROR:process_reader_win.cc(151)] SuspendThread: Access is denied. (0x5)
[0610/224300.065:ERROR:process_reader_win.cc(151)] SuspendThread: Access is denied. (0x5)
[0610/224300.065:ERROR:process_reader_win.cc(151)] SuspendThread: Access is denied. (0x5)
[0610/224300.065:ERROR:process_reader_win.cc(151)] SuspendThread: Access is denied. (0x5)
[0610/224300.065:ERROR:process_reader_win.cc(151)] SuspendThread: Access is denied. (0x5)
[0610/224300.065:ERROR:process_reader_win.cc(151)] SuspendThread: Access is denied. (0x5)
[0610/224300.065:ERROR:process_reader_win.cc(151)] SuspendThread: Access is denied. (0x5)
[0610/224300.066:ERROR:process_reader_win.cc(151)] SuspendThread: Access is denied. (0x5)
[0610/224300.066:ERROR:process_reader_win.cc(151)] SuspendThread: Access is denied. (0x5)
[0610/224300.066:ERROR:process_reader_win.cc(151)] SuspendThread: Access is denied. (0x5)
[0610/224300.066:ERROR:process_reader_win.cc(151)] SuspendThread: Access is denied. (0x5)
[0610/224300.066:ERROR:process_reader_win.cc(151)] SuspendThread: Access is denied. (0x5)
[0610/224300.066:ERROR:process_reader_win.cc(151)] SuspendThread: Access is denied. (0x5)
[0610/224300.066:ERROR:process_reader_win.cc(151)] SuspendThread: Access is denied. (0x5)
[0610/224300.066:ERROR:process_reader_win.cc(151)] SuspendThread: Access is denied. (0x5)
[0610/224300.066:ERROR:process_reader_win.cc(151)] SuspendThread: Access is denied. (0x5)
[0610/224300.066:ERROR:process_reader_win.cc(151)] SuspendThread: Access is denied. (0x5)
[0610/224300.066:ERROR:process_reader_win.cc(123)] NtOpenThread: {Access Denied} A process has requested access to an object, but has not been granted those access rights. (0xc0000022)
[0610/224300.066:ERROR:exception_snapshot_win.cc(98)] thread ID 17780 not found in process
[0610/231831.607:ERROR:process_reader_win.cc(151)] SuspendThread: Access is denied. (0x5)
[0610/231831.643:ERROR:process_reader_win.cc(151)] SuspendThread: Access is denied. (0x5)
[0610/231831.578:ERROR:process_reader_win.cc(151)] SuspendThread: Access is denied. (0x5)
[0610/231832.315:ERROR:process_reader_win.cc(123)] NtOpenThread: An invalid Client ID was specified. (0xc000000b)
[0610/231832.316:ERROR:process_reader_win.cc(123)] NtOpenThread: An invalid Client ID was specified. (0xc000000b)
[0610/231832.316:ERROR:process_reader_win.cc(123)] NtOpenThread: An invalid Client ID was specified. (0xc000000b)
[0610/231832.316:ERROR:process_reader_win.cc(123)] NtOpenThread: An invalid Client ID was specified. (0xc000000b)
[0610/231832.316:ERROR:process_reader_win.cc(123)] NtOpenThread: An invalid Client ID was specified. (0xc000000b)
[0610/231832.316:ERROR:process_reader_win.cc(123)] NtOpenThread: An invalid Client ID was specified. (0xc000000b)
[0610/231832.316:ERROR:process_reader_win.cc(123)] NtOpenThread: An invalid Client ID was specified. (0xc000000b)
[0610/231832.316:ERROR:process_reader_win.cc(123)] NtOpenThread: An invalid Client ID was specified. (0xc000000b)
[0610/231832.316:ERROR:process_reader_win.cc(123)] NtOpenThread: An invalid Client ID was specified. (0xc000000b)
[0610/231832.316:ERROR:process_reader_win.cc(123)] NtOpenThread: An invalid Client ID was specified. (0xc000000b)
[0610/231832.315:ERROR:process_reader_win.cc(123)] NtOpenThread: {Access Denied} A process has requested access to an object, but has not been granted those access rights. (0xc0000022)
[0610/231832.316:ERROR:process_reader_win.cc(123)] NtOpenThread: An invalid Client ID was specified. (0xc000000b)
[0610/231832.316:ERROR:process_reader_win.cc(123)] NtOpenThread: An invalid Client ID was specified. (0xc000000b)
[0610/231832.316:ERROR:exception_snapshot_win.cc(98)] thread ID 13632 not found in process
[0610/231832.316:ERROR:exception_snapshot_win.cc(98)] thread ID 21088 not found in process
[0610/231832.316:ERROR:scoped_process_suspend.cc(40)] NtResumeProcess: An attempt was made to access an exiting process. (0xc000010a)
[0610/231832.322:ERROR:process_reader_win.cc(151)] SuspendThread: Access is denied. (0x5)
[0610/231832.322:ERROR:process_reader_win.cc(123)] NtOpenThread: {Access Denied} A process has requested access to an object, but has not been granted those access rights. (0xc0000022)
[0610/231832.322:ERROR:exception_snapshot_win.cc(98)] thread ID 14532 not found in process
[0610/231831.644:ERROR:process_reader_win.cc(151)] SuspendThread: Access is denied. (0x5)
[0610/231832.324:ERROR:process_reader_win.cc(151)] SuspendThread: Access is denied. (0x5)
[0610/231832.325:ERROR:process_reader_win.cc(151)] SuspendThread: Access is denied. (0x5)
[0610/231832.326:ERROR:process_reader_win.cc(151)] SuspendThread: Access is denied. (0x5)
[0610/231832.326:ERROR:process_reader_win.cc(151)] SuspendThread: Access is denied. (0x5)
[0610/231832.326:ERROR:process_reader_win.cc(123)] NtOpenThread: {Access Denied} A process has requested access to an object, but has not been granted those access rights. (0xc0000022)
[0610/231832.326:ERROR:exception_snapshot_win.cc(98)] thread ID 10948 not found in process
[0610/232107.147:ERROR:process_reader_win.cc(151)] SuspendThread: Access is denied. (0x5)
[0610/232107.148:ERROR:process_reader_win.cc(151)] SuspendThread: Access is denied. (0x5)
[0610/232107.148:ERROR:process_reader_win.cc(123)] NtOpenThread: {Access Denied} A process has requested access to an object, but has not been granted those access rights. (0xc0000022)
[0610/232107.148:ERROR:exception_snapshot_win.cc(98)] thread ID 16708 not found in process
[0610/232107.173:ERROR:process_reader_win.cc(123)] NtOpenThread: {Access Denied} A process has requested access to an object, but has not been granted those access rights. (0xc0000022)
[0610/232107.173:ERROR:exception_snapshot_win.cc(98)] thread ID 14396 not found in process
[0610/232317.922:ERROR:process_reader_win.cc(151)] SuspendThread: Access is denied. (0x5)
[0610/232317.924:ERROR:process_reader_win.cc(151)] SuspendThread: Access is denied. (0x5)
[0610/232317.924:ERROR:process_reader_win.cc(123)] NtOpenThread: {Access Denied} A process has requested access to an object, but has not been granted those access rights. (0xc0000022)
[0610/232317.924:ERROR:exception_snapshot_win.cc(98)] thread ID 5556 not found in process
[0610/232317.940:ERROR:process_reader_win.cc(151)] SuspendThread: Access is denied. (0x5)
[0610/232317.941:ERROR:process_reader_win.cc(151)] SuspendThread: Access is denied. (0x5)
[0610/232317.941:ERROR:process_reader_win.cc(123)] NtOpenThread: {Access Denied} A process has requested access to an object, but has not been granted those access rights. (0xc0000022)
[0610/232317.942:ERROR:exception_snapshot_win.cc(98)] thread ID 12236 not found in process
[0610/232317.956:ERROR:process_reader_win.cc(151)] SuspendThread: Access is denied. (0x5)
[0610/232317.956:ERROR:process_reader_win.cc(123)] NtOpenThread: {Access Denied} A process has requested access to an object, but has not been granted those access rights. (0xc0000022)
[0610/232317.956:ERROR:exception_snapshot_win.cc(98)] thread ID 3028 not found in process
[0610/232317.972:ERROR:process_reader_win.cc(151)] SuspendThread: Access is denied. (0x5)
[0610/232317.972:ERROR:process_reader_win.cc(151)] SuspendThread: Access is denied. (0x5)
[0610/232317.972:ERROR:process_reader_win.cc(151)] SuspendThread: Access is denied. (0x5)
[0610/232317.972:ERROR:process_reader_win.cc(151)] SuspendThread: Access is denied. (0x5)
[0610/232317.972:ERROR:process_reader_win.cc(151)] SuspendThread: Access is denied. (0x5)
[0610/232317.972:ERROR:process_reader_win.cc(151)] SuspendThread: Access is denied. (0x5)
[0610/232317.972:ERROR:process_reader_win.cc(123)] NtOpenThread: {Access Denied} A process has requested access to an object, but has not been granted those access rights. (0xc0000022)
[0610/232317.972:ERROR:exception_snapshot_win.cc(98)] thread ID 15104 not found in process
[0610/232317.976:ERROR:process_reader_win.cc(151)] SuspendThread: Access is denied. (0x5)
[0610/232317.976:ERROR:process_reader_win.cc(151)] SuspendThread: Access is denied. (0x5)
[0610/232317.976:ERROR:process_reader_win.cc(151)] SuspendThread: Access is denied. (0x5)
[0610/232317.977:ERROR:process_reader_win.cc(151)] SuspendThread: Access is denied. (0x5)
[0610/232317.977:ERROR:process_reader_win.cc(151)] SuspendThread: Access is denied. (0x5)
[0610/232317.977:ERROR:process_reader_win.cc(123)] NtOpenThread: {Access Denied} A process has requested access to an object, but has not been granted those access rights. (0xc0000022)
[0610/232317.977:ERROR:exception_snapshot_win.cc(98)] thread ID 21008 not found in process
